<?xml version="1.0" encoding="UTF-8"?>
<testng-results total="1" passed="1" failed="0" skipped="0">
  <reporter-output>
  </reporter-output>
  <suite started-at="2019-07-16T21:35:56Z" name="Default suite" finished-at="2019-07-16T21:36:39Z" duration-ms="42524">
    <groups>
    </groups>
    <test started-at="2019-07-16T21:35:56Z" name="Default test" finished-at="2019-07-16T21:36:39Z" duration-ms="42524">
      <class name="TestScripts.Test_PracticeScenarios">
        <test-method is-config="true" signature="LaunchBrowser()[pri:0, instance:TestScripts.Test_PracticeScenarios@313b2ea6]" started-at="2019-07-16T22:35:56Z" name="LaunchBrowser" finished-at="2019-07-16T22:36:13Z" duration-ms="16892" status="PASS">
          <reporter-output>
          </reporter-output>
        </test-method> <!-- LaunchBrowser -->
        <test-method signature="Test_ValidLogin()[pri:0, instance:TestScripts.Test_PracticeScenarios@313b2ea6]" started-at="2019-07-16T22:36:13Z" name="Test_ValidLogin" finished-at="2019-07-16T22:36:38Z" duration-ms="25450" status="PASS">
          <reporter-output>
          </reporter-output>
        </test-method> <!-- Test_ValidLogin -->
        <test-method is-config="true" signature="TearDown()[pri:0, instance:TestScripts.Test_PracticeScenarios@313b2ea6]" started-at="2019-07-16T22:36:38Z" name="TearDown" finished-at="2019-07-16T22:36:39Z" duration-ms="158" status="PASS">
          <reporter-output>
          </reporter-output>
        </test-method> <!-- TearDown -->
      </class> <!-- TestScripts.Test_PracticeScenarios -->
    </test> <!-- Default test -->
  </suite> <!-- Default suite -->
</testng-results>
